<?xml version="1.0" encoding="UTF-8"?>
<!-- Generated by org.testng.reporters.JUnitReportReporter -->
<testsuite hostname="admin1-desktop" failures="0" tests="2" name="parallelTest.CrossBrowserScript" time="12.864" errors="0" timestamp="2019-09-23T09:19:41 IST" skipped="0">
  <testcase classname="parallelTest.CrossBrowserScript" name="testParameterWithXML" time="8.520"/>
  <testcase classname="parallelTest.CrossBrowserScript" name="testParameterWithXML" time="4.344"/>
</testsuite> <!-- parallelTest.CrossBrowserScript -->
