<?xml version="1.0" encoding="UTF-8"?>
<!-- Generated by org.testng.reporters.JUnitReportReporter -->
<testsuite hostname="admin1-desktop" failures="0" tests="1" name="recording.ScreenTestRecording" time="1.415" errors="0" timestamp="2019-09-23T12:08:51 IST" skipped="0">
  <testcase classname="recording.ScreenTestRecording" name="executingTest" time="1.415"/>
</testsuite> <!-- recording.ScreenTestRecording -->
