<?xml version="1.0" encoding="UTF-8"?>
<!-- Generated by org.testng.reporters.JUnitReportReporter -->
<testsuite hostname="admin1-desktop" failures="0" tests="1" name="recording.ScreenTestRecording" time="0.959" errors="0" timestamp="2019-09-28T13:16:53 IST" skipped="0">
  <testcase classname="recording.ScreenTestRecording" name="executingTest" time="0.959"/>
</testsuite> <!-- recording.ScreenTestRecording -->
