<?xml version="1.0" encoding="UTF-8"?>
<!-- Generated by org.testng.reporters.JUnitReportReporter -->
<testsuite hostname="admin1-desktop" failures="0" tests="1" name="toastMessage.ToastMeassageHandling" time="4.461" errors="0" timestamp="2019-09-23T15:06:37 IST" skipped="0">
  <testcase classname="toastMessage.ToastMeassageHandling" name="testToastMessage" time="4.461"/>
</testsuite> <!-- toastMessage.ToastMeassageHandling -->
