<?xml version="1.0" encoding="UTF-8"?>
<!-- Generated by org.testng.reporters.JUnitReportReporter -->
<testsuite hostname="admin1-desktop" failures="0" tests="1" name="scripts.TestFundoopush" time="40.777" errors="0" timestamp="2019-09-21T19:08:38 IST" skipped="0">
  <testcase classname="scripts.TestFundoopush" name="TestFundoo" time="40.777"/>
</testsuite> <!-- scripts.TestFundoopush -->
