<?xml version="1.0" encoding="UTF-8"?>
<!-- Generated by org.testng.reporters.JUnitReportReporter -->
<testsuite hostname="admin1-desktop" failures="0" tests="1" name="testBlog.TestSelenium" time="18.169" errors="0" timestamp="2019-09-23T13:22:42 IST" skipped="0">
  <testcase classname="testBlog.TestSelenium" name="testChrome" time="18.169"/>
</testsuite> <!-- testBlog.TestSelenium -->
